2025-09-03 09:15:36 - INFO - ===== 策略启动 =====
2025-09-03 09:15:36 - INFO - 策略运行正常 | 可用资金: 47143.66 | 持仓数量: 9 | 总持仓: {'600545.SH': 6900, '600980.SH': 400, '603615.SH': 700, '605100.SH': 100, '000737.SZ': 1600, '000818.SZ': 400, '002530.SZ': 1700, '002690.SZ': 900, '002918.SZ': 300}
2025-09-03 09:15:36 - INFO - 活跃挂单数量: 0
2025-09-03 09:18:14 - INFO - 触发条件: 第一医药 当前价 14.0 ≤ 目标价 14.33
2025-09-03 09:23:25 - INFO - 触发条件: 源飞宠物 当前价 25.72 ≤ 目标价 25.99
2025-09-03 09:24:01 - INFO - 触发条件: 三江购物 当前价 11.69 ≤ 目标价 11.71
2025-09-03 09:31:54 - INFO - ===== 策略启动 =====
2025-09-03 09:31:54 - INFO - 策略运行正常 | 可用资金: 397.77 | 持仓数量: 9 | 总持仓: {'600545.SH': 6900, '600980.SH': 400, '603615.SH': 700, '605100.SH': 100, '000737.SZ': 1600, '000818.SZ': 400, '002530.SZ': 1700, '002690.SZ': 900, '002918.SZ': 300}
2025-09-03 09:31:54 - INFO - 活跃挂单数量: 0
2025-09-03 09:32:18 - INFO - ===== 策略启动 =====
2025-09-03 09:32:18 - INFO - 策略运行正常 | 可用资金: 57143.66 | 持仓数量: 9 | 总持仓: {'600545.SH': 6900, '600980.SH': 400, '603615.SH': 700, '605100.SH': 100, '000737.SZ': 1600, '000818.SZ': 400, '002530.SZ': 1700, '002690.SZ': 900, '002918.SZ': 300}
2025-09-03 09:32:18 - INFO - 活跃挂单数量: 0
2025-09-03 10:02:18 - INFO - 策略运行正常 | 可用资金: 57143.66 | 持仓数量: 9 | 总持仓: {'600545.SH': 6900, '600980.SH': 400, '603615.SH': 700, '605100.SH': 100, '000737.SZ': 1600, '000818.SZ': 400, '002530.SZ': 1700, '002690.SZ': 900, '002918.SZ': 300}
2025-09-03 10:02:18 - INFO - 活跃挂单数量: 0
2025-09-03 10:32:18 - INFO - 策略运行正常 | 可用资金: 57143.66 | 持仓数量: 9 | 总持仓: {'600545.SH': 6900, '600980.SH': 400, '603615.SH': 700, '605100.SH': 100, '000737.SZ': 1600, '000818.SZ': 400, '002530.SZ': 1700, '002690.SZ': 900, '002918.SZ': 300}
2025-09-03 10:32:18 - INFO - 活跃挂单数量: 0
2025-09-03 11:02:18 - INFO - 策略运行正常 | 可用资金: 57143.66 | 持仓数量: 9 | 总持仓: {'600545.SH': 6900, '600980.SH': 400, '603615.SH': 700, '605100.SH': 100, '000737.SZ': 1600, '000818.SZ': 400, '002530.SZ': 1700, '002690.SZ': 900, '002918.SZ': 300}
2025-09-03 11:02:18 - INFO - 活跃挂单数量: 0
2025-09-03 11:32:18 - INFO - 策略运行正常 | 可用资金: 57143.66 | 持仓数量: 9 | 总持仓: {'600545.SH': 6900, '600980.SH': 400, '603615.SH': 700, '605100.SH': 100, '000737.SZ': 1600, '000818.SZ': 400, '002530.SZ': 1700, '002690.SZ': 900, '002918.SZ': 300}
2025-09-03 11:32:18 - INFO - 活跃挂单数量: 0
2025-09-03 12:02:18 - INFO - 策略运行正常 | 可用资金: 57143.66 | 持仓数量: 9 | 总持仓: {'600545.SH': 6900, '600980.SH': 400, '603615.SH': 700, '605100.SH': 100, '000737.SZ': 1600, '000818.SZ': 400, '002530.SZ': 1700, '002690.SZ': 900, '002918.SZ': 300}
2025-09-03 12:02:18 - INFO - 活跃挂单数量: 0
2025-09-03 12:32:18 - INFO - 策略运行正常 | 可用资金: 57143.66 | 持仓数量: 9 | 总持仓: {'600545.SH': 6900, '600980.SH': 400, '603615.SH': 700, '605100.SH': 100, '000737.SZ': 1600, '000818.SZ': 400, '002530.SZ': 1700, '002690.SZ': 900, '002918.SZ': 300}
2025-09-03 12:32:18 - INFO - 活跃挂单数量: 0
2025-09-03 13:02:18 - INFO - 策略运行正常 | 可用资金: 57143.66 | 持仓数量: 9 | 总持仓: {'600545.SH': 6900, '600980.SH': 400, '603615.SH': 700, '605100.SH': 100, '000737.SZ': 1600, '000818.SZ': 400, '002530.SZ': 1700, '002690.SZ': 900, '002918.SZ': 300}
2025-09-03 13:02:18 - INFO - 活跃挂单数量: 0
2025-09-03 13:05:49 - INFO - 触发条件: 湖南白银 当前价 5.99 ≤ 目标价 5.99
2025-09-03 13:19:30 - INFO - ===== 策略启动 =====
2025-09-03 13:19:30 - INFO - 策略运行正常 | 可用资金: 37371.16 | 持仓数量: 10 | 总持仓: {'600545.SH': 6900, '600980.SH': 400, '603615.SH': 700, '605100.SH': 100, '000737.SZ': 1600, '000818.SZ': 400, '002530.SZ': 1700, '002690.SZ': 900, '002918.SZ': 300, '002716.SZ': 3300}
2025-09-03 13:19:30 - INFO - 活跃挂单数量: 0
2025-09-03 13:37:28 - INFO - 触发条件: 源飞宠物 当前价 25.97 ≤ 目标价 25.99
2025-09-03 13:46:25 - INFO - 触发条件: 罗曼股份 当前价 52.25 ≤ 目标价 52.25
2025-09-03 13:49:30 - INFO - 策略运行正常 | 可用资金: 3492.00 | 持仓数量: 12 | 总持仓: {'600545.SH': 6900, '600980.SH': 400, '603615.SH': 700, '605100.SH': 100, '000737.SZ': 1600, '000818.SZ': 400, '002530.SZ': 1700, '002690.SZ': 900, '002918.SZ': 300, '002716.SZ': 3300, '001222.SZ': 700, '605289.SH': 300}
2025-09-03 13:49:30 - INFO - 活跃挂单数量: 0
2025-09-03 14:19:30 - INFO - 策略运行正常 | 可用资金: 3492.00 | 持仓数量: 12 | 总持仓: {'600545.SH': 6900, '600980.SH': 400, '603615.SH': 700, '605100.SH': 100, '000737.SZ': 1600, '000818.SZ': 400, '002530.SZ': 1700, '002690.SZ': 900, '002918.SZ': 300, '002716.SZ': 3300, '001222.SZ': 700, '605289.SH': 300}
2025-09-03 14:19:30 - INFO - 活跃挂单数量: 0
2025-09-03 14:49:30 - INFO - 策略运行正常 | 可用资金: 3492.00 | 持仓数量: 12 | 总持仓: {'600545.SH': 6900, '600980.SH': 400, '603615.SH': 700, '605100.SH': 100, '000737.SZ': 1600, '000818.SZ': 400, '002530.SZ': 1700, '002690.SZ': 900, '002918.SZ': 300, '002716.SZ': 3300, '001222.SZ': 700, '605289.SH': 300}
2025-09-03 14:49:30 - INFO - 活跃挂单数量: 0
