2026-03-24 14:43:45 - INFO - ===== 小市值涨停回踩五日线策略启动 =====
2026-03-24 14:43:45 - ERROR - 状态监控异常: name 'total_asset' is not defined
2026-03-24 15:07:32 - INFO - ===== 小市值涨停回踩五日线策略启动 =====
2026-03-24 15:07:32 - ERROR - 状态监控异常: name 'total_asset' is not defined
2026-03-24 15:25:39 - INFO - ===== 小市值涨停回踩五日线策略启动 =====
2026-03-24 15:25:39 - ERROR - 状态监控异常: name 'total_asset' is not defined
2026-03-24 15:26:30 - INFO - ===== 小市值涨停回踩五日线策略启动 =====
2026-03-24 15:26:30 - ERROR - 状态监控异常: name 'total_asset' is not defined
2026-03-24 15:29:37 - INFO - ===== 小市值涨停回踩五日线策略启动 =====
2026-03-24 15:29:37 - ERROR - 状态监控异常: name 'total_asset' is not defined
2026-03-24 15:30:04 - INFO - ===== 小市值涨停回踩五日线策略启动 =====
2026-03-24 15:30:04 - ERROR - 状态监控异常: name 'total_asset' is not defined
2026-03-24 15:34:11 - INFO - ===== 小市值涨停回踩五日线策略启动 =====
2026-03-24 15:34:11 - ERROR - 状态监控异常: name 'total_asset' is not defined
2026-03-24 15:37:32 - INFO - ===== 小市值涨停回踩五日线策略启动 =====
2026-03-24 15:37:32 - INFO - 小市值策略运行正常 | 总资产: 172187.34 | 可用资金: 21694.34 | 持仓数量: 8 
2026-03-24 15:37:32 - INFO - 活跃挂单数量: 0
2026-03-24 15:39:48 - INFO - ===== 小市值涨停回踩五日线策略启动 =====
2026-03-24 15:39:48 - ERROR - 状态监控异常: name 'total_asset' is not defined
2026-03-24 15:40:26 - INFO - ===== 小市值涨停回踩五日线策略启动 =====
2026-03-24 15:40:26 - INFO - 小市值策略运行正常 | 总资产: 172187.34 | 可用资金: 21694.34 | 持仓数量: 8 
2026-03-24 15:40:26 - INFO - 活跃挂单数量: 0
2026-03-24 16:31:20 - INFO - ===== 小市值涨停回踩五日线策略启动 =====
2026-03-24 16:31:20 - INFO - 小市值策略运行正常 | 总资产: 172187.34 | 可用资金: 21694.34 | 持仓数量: 8 
2026-03-24 16:31:20 - INFO - 活跃挂单数量: 0
2026-03-24 16:48:50 - INFO - ===== 小市值涨停回踩五日线策略启动 =====
2026-03-24 16:48:50 - INFO - 小市值策略运行正常 | 总资产: 172187.34 | 可用资金: 21694.34 | 持仓数量: 8 
2026-03-24 16:48:50 - INFO - 活跃挂单数量: 0
2026-03-24 16:49:28 - INFO - === 开始下载日线数据 (20260324) ===
2026-03-24 16:49:28 - INFO - === 开始下载日线数据 (20260324) ===
2026-03-24 16:49:28 - INFO - === 日线数据下载完成 ===
2026-03-24 16:49:28 - INFO - === 日线数据下载完成 ===
